Terminale, die in Grammatik unbenutzt sind

   SIN
   ELSE


Zustand 22 Konflikte: 14 Reduziere/Reduziere
Zustand 114 Konflikte: 14 Schiebe/Reduziere


Grammatik

    0 $accept: program $end

    1 program: head decllist stmtlist tail

    2 head: %empty

    3 tail: %empty

    4 stmtlist: %empty
    5         | stmtlist stmt

    6 decllist: %empty
    7         | decllist decl

    8 decl: VAR ID SEMICOLON
    9     | VAR ID ASSIGN expr SEMICOLON

   10 $@1: %empty

   11 decl: PROC ID $@1 OPEN CLOSE BEG decllist stmtlist END

   12 stmt: ID OPEN CLOSE SEMICOLON
   13     | error SEMICOLON
   14     | BEG stmtlist error END

   15 $@2: %empty

   16 $@3: %empty

   17 stmt: WHILE $@2 bool $@3 DO stmt

   18 $@4: %empty

   19 stmt: BEG $@4 decllist stmtlist END

   20 $@5: %empty

   21 stmt: IF bool $@5 THEN decllist stmtlist
   22     | GO SEMICOLON
   23     | GO expr SEMICOLON
   24     | NORTH SEMICOLON
   25     | SOUTH SEMICOLON
   26     | WEST SEMICOLON
   27     | EAST SEMICOLON
   28     | TURNLEFT SEMICOLON
   29     | TURNRIGHT SEMICOLON
   30     | TURN expr SEMICOLON
   31     | THICKNESS NUMBER SEMICOLON
   32     | ID ASSIGN expr SEMICOLON

   33 bool: bool OR bool1
   34     | bool1

   35 bool1: bool1 AND bool2
   36      | bool2

   37 bool2: NOT bool3
   38      | bool3

   39 bool3: expr LESS expr
   40      | expr GREATER expr
   41      | expr EQUAL expr
   42      | TRUE
   43      | FALSE
   44      | OPEN bool CLOSE

   45 expr: prod
   46     | expr PLUS prod
   47     | expr MINUS prod

   48 prod: exp
   49     | prod TIMES exp

   50 exp: atomic
   51    | atomic EXP exp

   52 atomic: NUMBER
   53       | FLOAT
   54       | OPEN expr CLOSE
   55       | OPEN error CLOSE
   56       | EULER
   57       | ID


Terminale und die Regeln, in denen sie verwendet werden

$end (0) 0
error (256) 13 14 55
GO (258) 22 23
SEMICOLON (259) 8 9 12 13 22 23 24 25 26 27 28 29 30 31 32
NORTH (260) 24
SOUTH (261) 25
WEST (262) 26
EAST (263) 27
TURNLEFT (264) 28
TURNRIGHT (265) 29
TURN (266) 30
THICKNESS (267) 31
NUMBER (268) 31 52
FLOAT (269) 53
ID (270) 8 9 11 12 32 57
PLUS (271) 46
MINUS (272) 47
TIMES (273) 49
OPEN (274) 11 12 44 54 55
CLOSE (275) 11 12 44 54 55
EULER (276) 56
EXP (277) 51
SIN (278)
ASSIGN (279) 9 32
VAR (280) 8 9
BEG (281) 11 14 19
END (282) 11 14 19
DO (283) 17
WHILE (284) 17
LESS (285) 39
GREATER (286) 40
EQUAL (287) 41
TRUE (288) 42
FALSE (289) 43
AND (290) 35
NOT (291) 37
OR (292) 33
IF (293) 21
THEN (294) 21
ELSE (295)
PROC (296) 11


Nicht-Terminal und die Regeln, in denen sie verwendet werden

$accept (42)
    auf der linken Seite: 0
program (43)
    auf der linken Seite: 1, auf der rechten Seite: 0
head (44)
    auf der linken Seite: 2, auf der rechten Seite: 1
tail (45)
    auf der linken Seite: 3, auf der rechten Seite: 1
stmtlist (46)
    auf der linken Seite: 4 5, auf der rechten Seite: 1 5 11 14 19
    21
decllist (47)
    auf der linken Seite: 6 7, auf der rechten Seite: 1 7 11 19 21
decl (48)
    auf der linken Seite: 8 9 11, auf der rechten Seite: 7
$@1 (49)
    auf der linken Seite: 10, auf der rechten Seite: 11
stmt (50)
    auf der linken Seite: 12 13 14 17 19 21 22 23 24 25 26 27 28 29
    30 31 32, auf der rechten Seite: 5 17
$@2 (51)
    auf der linken Seite: 15, auf der rechten Seite: 17
$@3 (52)
    auf der linken Seite: 16, auf der rechten Seite: 17
$@4 (53)
    auf der linken Seite: 18, auf der rechten Seite: 19
$@5 (54)
    auf der linken Seite: 20, auf der rechten Seite: 21
bool (55)
    auf der linken Seite: 33 34, auf der rechten Seite: 17 21 33 44
bool1 (56)
    auf der linken Seite: 35 36, auf der rechten Seite: 33 34 35
bool2 (57)
    auf der linken Seite: 37 38, auf der rechten Seite: 35 36
bool3 (58)
    auf der linken Seite: 39 40 41 42 43 44, auf der rechten Seite:
    37 38
expr (59)
    auf der linken Seite: 45 46 47, auf der rechten Seite: 9 23 30
    32 39 40 41 46 47 54
prod (60)
    auf der linken Seite: 48 49, auf der rechten Seite: 45 46 47 49
exp (61)
    auf der linken Seite: 50 51, auf der rechten Seite: 48 49 51
atomic (62)
    auf der linken Seite: 52 53 54 55 56 57, auf der rechten Seite:
    50 51


Zustand 0

    0 $accept: . program $end

    $default  reduziere mit Regel 2 (head)

    program  gehe zu Zustand 1 über
    head     gehe zu Zustand 2 über


Zustand 1

    0 $accept: program . $end

    $end  schiebe und gehe zu Zustand 3 über


Zustand 2

    1 program: head . decllist stmtlist tail

    $default  reduziere mit Regel 6 (decllist)

    decllist  gehe zu Zustand 4 über


Zustand 3

    0 $accept: program $end .

    $default  annehmen


Zustand 4

    1 program: head decllist . stmtlist tail
    7 decllist: decllist . decl

    VAR   schiebe und gehe zu Zustand 5 über
    PROC  schiebe und gehe zu Zustand 6 über

    $default  reduziere mit Regel 4 (stmtlist)

    stmtlist  gehe zu Zustand 7 über
    decl      gehe zu Zustand 8 über


Zustand 5

    8 decl: VAR . ID SEMICOLON
    9     | VAR . ID ASSIGN expr SEMICOLON

    ID  schiebe und gehe zu Zustand 9 über


Zustand 6

   11 decl: PROC . ID $@1 OPEN CLOSE BEG decllist stmtlist END

    ID  schiebe und gehe zu Zustand 10 über


Zustand 7

    1 program: head decllist stmtlist . tail
    5 stmtlist: stmtlist . stmt

    error      schiebe und gehe zu Zustand 11 über
    GO         schiebe und gehe zu Zustand 12 über
    NORTH      schiebe und gehe zu Zustand 13 über
    SOUTH      schiebe und gehe zu Zustand 14 über
    WEST       schiebe und gehe zu Zustand 15 über
    EAST       schiebe und gehe zu Zustand 16 über
    TURNLEFT   schiebe und gehe zu Zustand 17 über
    TURNRIGHT  schiebe und gehe zu Zustand 18 über
    TURN       schiebe und gehe zu Zustand 19 über
    THICKNESS  schiebe und gehe zu Zustand 20 über
    ID         schiebe und gehe zu Zustand 21 über
    BEG        schiebe und gehe zu Zustand 22 über
    WHILE      schiebe und gehe zu Zustand 23 über
    IF         schiebe und gehe zu Zustand 24 über

    $end  reduziere mit Regel 3 (tail)

    tail  gehe zu Zustand 25 über
    stmt  gehe zu Zustand 26 über


Zustand 8

    7 decllist: decllist decl .

    $default  reduziere mit Regel 7 (decllist)


Zustand 9

    8 decl: VAR ID . SEMICOLON
    9     | VAR ID . ASSIGN expr SEMICOLON

    SEMICOLON  schiebe und gehe zu Zustand 27 über
    ASSIGN     schiebe und gehe zu Zustand 28 über


Zustand 10

   11 decl: PROC ID . $@1 OPEN CLOSE BEG decllist stmtlist END

    $default  reduziere mit Regel 10 ($@1)

    $@1  gehe zu Zustand 29 über


Zustand 11

   13 stmt: error . SEMICOLON

    SEMICOLON  schiebe und gehe zu Zustand 30 über


Zustand 12

   22 stmt: GO . SEMICOLON
   23     | GO . expr SEMICOLON

    SEMICOLON  schiebe und gehe zu Zustand 31 über
    NUMBER     schiebe und gehe zu Zustand 32 über
    FLOAT      schiebe und gehe zu Zustand 33 über
    ID         schiebe und gehe zu Zustand 34 über
    OPEN       schiebe und gehe zu Zustand 35 über
    EULER      schiebe und gehe zu Zustand 36 über

    expr    gehe zu Zustand 37 über
    prod    gehe zu Zustand 38 über
    exp     gehe zu Zustand 39 über
    atomic  gehe zu Zustand 40 über


Zustand 13

   24 stmt: NORTH . SEMICOLON

    SEMICOLON  schiebe und gehe zu Zustand 41 über


Zustand 14

   25 stmt: SOUTH . SEMICOLON

    SEMICOLON  schiebe und gehe zu Zustand 42 über


Zustand 15

   26 stmt: WEST . SEMICOLON

    SEMICOLON  schiebe und gehe zu Zustand 43 über


Zustand 16

   27 stmt: EAST . SEMICOLON

    SEMICOLON  schiebe und gehe zu Zustand 44 über


Zustand 17

   28 stmt: TURNLEFT . SEMICOLON

    SEMICOLON  schiebe und gehe zu Zustand 45 über


Zustand 18

   29 stmt: TURNRIGHT . SEMICOLON

    SEMICOLON  schiebe und gehe zu Zustand 46 über


Zustand 19

   30 stmt: TURN . expr SEMICOLON

    NUMBER  schiebe und gehe zu Zustand 32 über
    FLOAT   schiebe und gehe zu Zustand 33 über
    ID      schiebe und gehe zu Zustand 34 über
    OPEN    schiebe und gehe zu Zustand 35 über
    EULER   schiebe und gehe zu Zustand 36 über

    expr    gehe zu Zustand 47 über
    prod    gehe zu Zustand 38 über
    exp     gehe zu Zustand 39 über
    atomic  gehe zu Zustand 40 über


Zustand 20

   31 stmt: THICKNESS . NUMBER SEMICOLON

    NUMBER  schiebe und gehe zu Zustand 48 über


Zustand 21

   12 stmt: ID . OPEN CLOSE SEMICOLON
   32     | ID . ASSIGN expr SEMICOLON

    OPEN    schiebe und gehe zu Zustand 49 über
    ASSIGN  schiebe und gehe zu Zustand 50 über


Zustand 22

   14 stmt: BEG . stmtlist error END
   19     | BEG . $@4 decllist stmtlist END

    error      reduziere mit Regel 4 (stmtlist)
    error      [reduziere mit Regel 18 ($@4)]
    GO         reduziere mit Regel 4 (stmtlist)
    GO         [reduziere mit Regel 18 ($@4)]
    NORTH      reduziere mit Regel 4 (stmtlist)
    NORTH      [reduziere mit Regel 18 ($@4)]
    SOUTH      reduziere mit Regel 4 (stmtlist)
    SOUTH      [reduziere mit Regel 18 ($@4)]
    WEST       reduziere mit Regel 4 (stmtlist)
    WEST       [reduziere mit Regel 18 ($@4)]
    EAST       reduziere mit Regel 4 (stmtlist)
    EAST       [reduziere mit Regel 18 ($@4)]
    TURNLEFT   reduziere mit Regel 4 (stmtlist)
    TURNLEFT   [reduziere mit Regel 18 ($@4)]
    TURNRIGHT  reduziere mit Regel 4 (stmtlist)
    TURNRIGHT  [reduziere mit Regel 18 ($@4)]
    TURN       reduziere mit Regel 4 (stmtlist)
    TURN       [reduziere mit Regel 18 ($@4)]
    THICKNESS  reduziere mit Regel 4 (stmtlist)
    THICKNESS  [reduziere mit Regel 18 ($@4)]
    ID         reduziere mit Regel 4 (stmtlist)
    ID         [reduziere mit Regel 18 ($@4)]
    VAR        reduziere mit Regel 18 ($@4)
    BEG        reduziere mit Regel 4 (stmtlist)
    BEG        [reduziere mit Regel 18 ($@4)]
    END        reduziere mit Regel 18 ($@4)
    WHILE      reduziere mit Regel 4 (stmtlist)
    WHILE      [reduziere mit Regel 18 ($@4)]
    IF         reduziere mit Regel 4 (stmtlist)
    IF         [reduziere mit Regel 18 ($@4)]
    PROC       reduziere mit Regel 18 ($@4)
    $default   reduziere mit Regel 4 (stmtlist)

    stmtlist  gehe zu Zustand 51 über
    $@4       gehe zu Zustand 52 über


Zustand 23

   17 stmt: WHILE . $@2 bool $@3 DO stmt

    $default  reduziere mit Regel 15 ($@2)

    $@2  gehe zu Zustand 53 über


Zustand 24

   21 stmt: IF . bool $@5 THEN decllist stmtlist

    NUMBER  schiebe und gehe zu Zustand 32 über
    FLOAT   schiebe und gehe zu Zustand 33 über
    ID      schiebe und gehe zu Zustand 34 über
    OPEN    schiebe und gehe zu Zustand 54 über
    EULER   schiebe und gehe zu Zustand 36 über
    TRUE    schiebe und gehe zu Zustand 55 über
    FALSE   schiebe und gehe zu Zustand 56 über
    NOT     schiebe und gehe zu Zustand 57 über

    bool    gehe zu Zustand 58 über
    bool1   gehe zu Zustand 59 über
    bool2   gehe zu Zustand 60 über
    bool3   gehe zu Zustand 61 über
    expr    gehe zu Zustand 62 über
    prod    gehe zu Zustand 38 über
    exp     gehe zu Zustand 39 über
    atomic  gehe zu Zustand 40 über


Zustand 25

    1 program: head decllist stmtlist tail .

    $default  reduziere mit Regel 1 (program)


Zustand 26

    5 stmtlist: stmtlist stmt .

    $default  reduziere mit Regel 5 (stmtlist)


Zustand 27

    8 decl: VAR ID SEMICOLON .

    $default  reduziere mit Regel 8 (decl)


Zustand 28

    9 decl: VAR ID ASSIGN . expr SEMICOLON

    NUMBER  schiebe und gehe zu Zustand 32 über
    FLOAT   schiebe und gehe zu Zustand 33 über
    ID      schiebe und gehe zu Zustand 34 über
    OPEN    schiebe und gehe zu Zustand 35 über
    EULER   schiebe und gehe zu Zustand 36 über

    expr    gehe zu Zustand 63 über
    prod    gehe zu Zustand 38 über
    exp     gehe zu Zustand 39 über
    atomic  gehe zu Zustand 40 über


Zustand 29

   11 decl: PROC ID $@1 . OPEN CLOSE BEG decllist stmtlist END

    OPEN  schiebe und gehe zu Zustand 64 über


Zustand 30

   13 stmt: error SEMICOLON .

    $default  reduziere mit Regel 13 (stmt)


Zustand 31

   22 stmt: GO SEMICOLON .

    $default  reduziere mit Regel 22 (stmt)


Zustand 32

   52 atomic: NUMBER .

    $default  reduziere mit Regel 52 (atomic)


Zustand 33

   53 atomic: FLOAT .

    $default  reduziere mit Regel 53 (atomic)


Zustand 34

   57 atomic: ID .

    $default  reduziere mit Regel 57 (atomic)


Zustand 35

   54 atomic: OPEN . expr CLOSE
   55       | OPEN . error CLOSE

    error   schiebe und gehe zu Zustand 65 über
    NUMBER  schiebe und gehe zu Zustand 32 über
    FLOAT   schiebe und gehe zu Zustand 33 über
    ID      schiebe und gehe zu Zustand 34 über
    OPEN    schiebe und gehe zu Zustand 35 über
    EULER   schiebe und gehe zu Zustand 36 über

    expr    gehe zu Zustand 66 über
    prod    gehe zu Zustand 38 über
    exp     gehe zu Zustand 39 über
    atomic  gehe zu Zustand 40 über


Zustand 36

   56 atomic: EULER .

    $default  reduziere mit Regel 56 (atomic)


Zustand 37

   23 stmt: GO expr . SEMICOLON
   46 expr: expr . PLUS prod
   47     | expr . MINUS prod

    SEMICOLON  schiebe und gehe zu Zustand 67 über
    PLUS       schiebe und gehe zu Zustand 68 über
    MINUS      schiebe und gehe zu Zustand 69 über


Zustand 38

   45 expr: prod .
   49 prod: prod . TIMES exp

    TIMES  schiebe und gehe zu Zustand 70 über

    $default  reduziere mit Regel 45 (expr)


Zustand 39

   48 prod: exp .

    $default  reduziere mit Regel 48 (prod)


Zustand 40

   50 exp: atomic .
   51    | atomic . EXP exp

    EXP  schiebe und gehe zu Zustand 71 über

    $default  reduziere mit Regel 50 (exp)


Zustand 41

   24 stmt: NORTH SEMICOLON .

    $default  reduziere mit Regel 24 (stmt)


Zustand 42

   25 stmt: SOUTH SEMICOLON .

    $default  reduziere mit Regel 25 (stmt)


Zustand 43

   26 stmt: WEST SEMICOLON .

    $default  reduziere mit Regel 26 (stmt)


Zustand 44

   27 stmt: EAST SEMICOLON .

    $default  reduziere mit Regel 27 (stmt)


Zustand 45

   28 stmt: TURNLEFT SEMICOLON .

    $default  reduziere mit Regel 28 (stmt)


Zustand 46

   29 stmt: TURNRIGHT SEMICOLON .

    $default  reduziere mit Regel 29 (stmt)


Zustand 47

   30 stmt: TURN expr . SEMICOLON
   46 expr: expr . PLUS prod
   47     | expr . MINUS prod

    SEMICOLON  schiebe und gehe zu Zustand 72 über
    PLUS       schiebe und gehe zu Zustand 68 über
    MINUS      schiebe und gehe zu Zustand 69 über


Zustand 48

   31 stmt: THICKNESS NUMBER . SEMICOLON

    SEMICOLON  schiebe und gehe zu Zustand 73 über


Zustand 49

   12 stmt: ID OPEN . CLOSE SEMICOLON

    CLOSE  schiebe und gehe zu Zustand 74 über


Zustand 50

   32 stmt: ID ASSIGN . expr SEMICOLON

    NUMBER  schiebe und gehe zu Zustand 32 über
    FLOAT   schiebe und gehe zu Zustand 33 über
    ID      schiebe und gehe zu Zustand 34 über
    OPEN    schiebe und gehe zu Zustand 35 über
    EULER   schiebe und gehe zu Zustand 36 über

    expr    gehe zu Zustand 75 über
    prod    gehe zu Zustand 38 über
    exp     gehe zu Zustand 39 über
    atomic  gehe zu Zustand 40 über


Zustand 51

    5 stmtlist: stmtlist . stmt
   14 stmt: BEG stmtlist . error END

    error      schiebe und gehe zu Zustand 76 über
    GO         schiebe und gehe zu Zustand 12 über
    NORTH      schiebe und gehe zu Zustand 13 über
    SOUTH      schiebe und gehe zu Zustand 14 über
    WEST       schiebe und gehe zu Zustand 15 über
    EAST       schiebe und gehe zu Zustand 16 über
    TURNLEFT   schiebe und gehe zu Zustand 17 über
    TURNRIGHT  schiebe und gehe zu Zustand 18 über
    TURN       schiebe und gehe zu Zustand 19 über
    THICKNESS  schiebe und gehe zu Zustand 20 über
    ID         schiebe und gehe zu Zustand 21 über
    BEG        schiebe und gehe zu Zustand 22 über
    WHILE      schiebe und gehe zu Zustand 23 über
    IF         schiebe und gehe zu Zustand 24 über

    stmt  gehe zu Zustand 26 über


Zustand 52

   19 stmt: BEG $@4 . decllist stmtlist END

    $default  reduziere mit Regel 6 (decllist)

    decllist  gehe zu Zustand 77 über


Zustand 53

   17 stmt: WHILE $@2 . bool $@3 DO stmt

    NUMBER  schiebe und gehe zu Zustand 32 über
    FLOAT   schiebe und gehe zu Zustand 33 über
    ID      schiebe und gehe zu Zustand 34 über
    OPEN    schiebe und gehe zu Zustand 54 über
    EULER   schiebe und gehe zu Zustand 36 über
    TRUE    schiebe und gehe zu Zustand 55 über
    FALSE   schiebe und gehe zu Zustand 56 über
    NOT     schiebe und gehe zu Zustand 57 über

    bool    gehe zu Zustand 78 über
    bool1   gehe zu Zustand 59 über
    bool2   gehe zu Zustand 60 über
    bool3   gehe zu Zustand 61 über
    expr    gehe zu Zustand 62 über
    prod    gehe zu Zustand 38 über
    exp     gehe zu Zustand 39 über
    atomic  gehe zu Zustand 40 über


Zustand 54

   44 bool3: OPEN . bool CLOSE
   54 atomic: OPEN . expr CLOSE
   55       | OPEN . error CLOSE

    error   schiebe und gehe zu Zustand 65 über
    NUMBER  schiebe und gehe zu Zustand 32 über
    FLOAT   schiebe und gehe zu Zustand 33 über
    ID      schiebe und gehe zu Zustand 34 über
    OPEN    schiebe und gehe zu Zustand 54 über
    EULER   schiebe und gehe zu Zustand 36 über
    TRUE    schiebe und gehe zu Zustand 55 über
    FALSE   schiebe und gehe zu Zustand 56 über
    NOT     schiebe und gehe zu Zustand 57 über

    bool    gehe zu Zustand 79 über
    bool1   gehe zu Zustand 59 über
    bool2   gehe zu Zustand 60 über
    bool3   gehe zu Zustand 61 über
    expr    gehe zu Zustand 80 über
    prod    gehe zu Zustand 38 über
    exp     gehe zu Zustand 39 über
    atomic  gehe zu Zustand 40 über


Zustand 55

   42 bool3: TRUE .

    $default  reduziere mit Regel 42 (bool3)


Zustand 56

   43 bool3: FALSE .

    $default  reduziere mit Regel 43 (bool3)


Zustand 57

   37 bool2: NOT . bool3

    NUMBER  schiebe und gehe zu Zustand 32 über
    FLOAT   schiebe und gehe zu Zustand 33 über
    ID      schiebe und gehe zu Zustand 34 über
    OPEN    schiebe und gehe zu Zustand 54 über
    EULER   schiebe und gehe zu Zustand 36 über
    TRUE    schiebe und gehe zu Zustand 55 über
    FALSE   schiebe und gehe zu Zustand 56 über

    bool3   gehe zu Zustand 81 über
    expr    gehe zu Zustand 62 über
    prod    gehe zu Zustand 38 über
    exp     gehe zu Zustand 39 über
    atomic  gehe zu Zustand 40 über


Zustand 58

   21 stmt: IF bool . $@5 THEN decllist stmtlist
   33 bool: bool . OR bool1

    OR  schiebe und gehe zu Zustand 82 über

    $default  reduziere mit Regel 20 ($@5)

    $@5  gehe zu Zustand 83 über


Zustand 59

   34 bool: bool1 .
   35 bool1: bool1 . AND bool2

    AND  schiebe und gehe zu Zustand 84 über

    $default  reduziere mit Regel 34 (bool)


Zustand 60

   36 bool1: bool2 .

    $default  reduziere mit Regel 36 (bool1)


Zustand 61

   38 bool2: bool3 .

    $default  reduziere mit Regel 38 (bool2)


Zustand 62

   39 bool3: expr . LESS expr
   40      | expr . GREATER expr
   41      | expr . EQUAL expr
   46 expr: expr . PLUS prod
   47     | expr . MINUS prod

    PLUS     schiebe und gehe zu Zustand 68 über
    MINUS    schiebe und gehe zu Zustand 69 über
    LESS     schiebe und gehe zu Zustand 85 über
    GREATER  schiebe und gehe zu Zustand 86 über
    EQUAL    schiebe und gehe zu Zustand 87 über


Zustand 63

    9 decl: VAR ID ASSIGN expr . SEMICOLON
   46 expr: expr . PLUS prod
   47     | expr . MINUS prod

    SEMICOLON  schiebe und gehe zu Zustand 88 über
    PLUS       schiebe und gehe zu Zustand 68 über
    MINUS      schiebe und gehe zu Zustand 69 über


Zustand 64

   11 decl: PROC ID $@1 OPEN . CLOSE BEG decllist stmtlist END

    CLOSE  schiebe und gehe zu Zustand 89 über


Zustand 65

   55 atomic: OPEN error . CLOSE

    CLOSE  schiebe und gehe zu Zustand 90 über


Zustand 66

   46 expr: expr . PLUS prod
   47     | expr . MINUS prod
   54 atomic: OPEN expr . CLOSE

    PLUS   schiebe und gehe zu Zustand 68 über
    MINUS  schiebe und gehe zu Zustand 69 über
    CLOSE  schiebe und gehe zu Zustand 91 über


Zustand 67

   23 stmt: GO expr SEMICOLON .

    $default  reduziere mit Regel 23 (stmt)


Zustand 68

   46 expr: expr PLUS . prod

    NUMBER  schiebe und gehe zu Zustand 32 über
    FLOAT   schiebe und gehe zu Zustand 33 über
    ID      schiebe und gehe zu Zustand 34 über
    OPEN    schiebe und gehe zu Zustand 35 über
    EULER   schiebe und gehe zu Zustand 36 über

    prod    gehe zu Zustand 92 über
    exp     gehe zu Zustand 39 über
    atomic  gehe zu Zustand 40 über


Zustand 69

   47 expr: expr MINUS . prod

    NUMBER  schiebe und gehe zu Zustand 32 über
    FLOAT   schiebe und gehe zu Zustand 33 über
    ID      schiebe und gehe zu Zustand 34 über
    OPEN    schiebe und gehe zu Zustand 35 über
    EULER   schiebe und gehe zu Zustand 36 über

    prod    gehe zu Zustand 93 über
    exp     gehe zu Zustand 39 über
    atomic  gehe zu Zustand 40 über


Zustand 70

   49 prod: prod TIMES . exp

    NUMBER  schiebe und gehe zu Zustand 32 über
    FLOAT   schiebe und gehe zu Zustand 33 über
    ID      schiebe und gehe zu Zustand 34 über
    OPEN    schiebe und gehe zu Zustand 35 über
    EULER   schiebe und gehe zu Zustand 36 über

    exp     gehe zu Zustand 94 über
    atomic  gehe zu Zustand 40 über


Zustand 71

   51 exp: atomic EXP . exp

    NUMBER  schiebe und gehe zu Zustand 32 über
    FLOAT   schiebe und gehe zu Zustand 33 über
    ID      schiebe und gehe zu Zustand 34 über
    OPEN    schiebe und gehe zu Zustand 35 über
    EULER   schiebe und gehe zu Zustand 36 über

    exp     gehe zu Zustand 95 über
    atomic  gehe zu Zustand 40 über


Zustand 72

   30 stmt: TURN expr SEMICOLON .

    $default  reduziere mit Regel 30 (stmt)


Zustand 73

   31 stmt: THICKNESS NUMBER SEMICOLON .

    $default  reduziere mit Regel 31 (stmt)


Zustand 74

   12 stmt: ID OPEN CLOSE . SEMICOLON

    SEMICOLON  schiebe und gehe zu Zustand 96 über


Zustand 75

   32 stmt: ID ASSIGN expr . SEMICOLON
   46 expr: expr . PLUS prod
   47     | expr . MINUS prod

    SEMICOLON  schiebe und gehe zu Zustand 97 über
    PLUS       schiebe und gehe zu Zustand 68 über
    MINUS      schiebe und gehe zu Zustand 69 über


Zustand 76

   13 stmt: error . SEMICOLON
   14     | BEG stmtlist error . END

    SEMICOLON  schiebe und gehe zu Zustand 30 über
    END        schiebe und gehe zu Zustand 98 über


Zustand 77

    7 decllist: decllist . decl
   19 stmt: BEG $@4 decllist . stmtlist END

    VAR   schiebe und gehe zu Zustand 5 über
    PROC  schiebe und gehe zu Zustand 6 über

    $default  reduziere mit Regel 4 (stmtlist)

    stmtlist  gehe zu Zustand 99 über
    decl      gehe zu Zustand 8 über


Zustand 78

   17 stmt: WHILE $@2 bool . $@3 DO stmt
   33 bool: bool . OR bool1

    OR  schiebe und gehe zu Zustand 82 über

    $default  reduziere mit Regel 16 ($@3)

    $@3  gehe zu Zustand 100 über


Zustand 79

   33 bool: bool . OR bool1
   44 bool3: OPEN bool . CLOSE

    CLOSE  schiebe und gehe zu Zustand 101 über
    OR     schiebe und gehe zu Zustand 82 über


Zustand 80

   39 bool3: expr . LESS expr
   40      | expr . GREATER expr
   41      | expr . EQUAL expr
   46 expr: expr . PLUS prod
   47     | expr . MINUS prod
   54 atomic: OPEN expr . CLOSE

    PLUS     schiebe und gehe zu Zustand 68 über
    MINUS    schiebe und gehe zu Zustand 69 über
    CLOSE    schiebe und gehe zu Zustand 91 über
    LESS     schiebe und gehe zu Zustand 85 über
    GREATER  schiebe und gehe zu Zustand 86 über
    EQUAL    schiebe und gehe zu Zustand 87 über


Zustand 81

   37 bool2: NOT bool3 .

    $default  reduziere mit Regel 37 (bool2)


Zustand 82

   33 bool: bool OR . bool1

    NUMBER  schiebe und gehe zu Zustand 32 über
    FLOAT   schiebe und gehe zu Zustand 33 über
    ID      schiebe und gehe zu Zustand 34 über
    OPEN    schiebe und gehe zu Zustand 54 über
    EULER   schiebe und gehe zu Zustand 36 über
    TRUE    schiebe und gehe zu Zustand 55 über
    FALSE   schiebe und gehe zu Zustand 56 über
    NOT     schiebe und gehe zu Zustand 57 über

    bool1   gehe zu Zustand 102 über
    bool2   gehe zu Zustand 60 über
    bool3   gehe zu Zustand 61 über
    expr    gehe zu Zustand 62 über
    prod    gehe zu Zustand 38 über
    exp     gehe zu Zustand 39 über
    atomic  gehe zu Zustand 40 über


Zustand 83

   21 stmt: IF bool $@5 . THEN decllist stmtlist

    THEN  schiebe und gehe zu Zustand 103 über


Zustand 84

   35 bool1: bool1 AND . bool2

    NUMBER  schiebe und gehe zu Zustand 32 über
    FLOAT   schiebe und gehe zu Zustand 33 über
    ID      schiebe und gehe zu Zustand 34 über
    OPEN    schiebe und gehe zu Zustand 54 über
    EULER   schiebe und gehe zu Zustand 36 über
    TRUE    schiebe und gehe zu Zustand 55 über
    FALSE   schiebe und gehe zu Zustand 56 über
    NOT     schiebe und gehe zu Zustand 57 über

    bool2   gehe zu Zustand 104 über
    bool3   gehe zu Zustand 61 über
    expr    gehe zu Zustand 62 über
    prod    gehe zu Zustand 38 über
    exp     gehe zu Zustand 39 über
    atomic  gehe zu Zustand 40 über


Zustand 85

   39 bool3: expr LESS . expr

    NUMBER  schiebe und gehe zu Zustand 32 über
    FLOAT   schiebe und gehe zu Zustand 33 über
    ID      schiebe und gehe zu Zustand 34 über
    OPEN    schiebe und gehe zu Zustand 35 über
    EULER   schiebe und gehe zu Zustand 36 über

    expr    gehe zu Zustand 105 über
    prod    gehe zu Zustand 38 über
    exp     gehe zu Zustand 39 über
    atomic  gehe zu Zustand 40 über


Zustand 86

   40 bool3: expr GREATER . expr

    NUMBER  schiebe und gehe zu Zustand 32 über
    FLOAT   schiebe und gehe zu Zustand 33 über
    ID      schiebe und gehe zu Zustand 34 über
    OPEN    schiebe und gehe zu Zustand 35 über
    EULER   schiebe und gehe zu Zustand 36 über

    expr    gehe zu Zustand 106 über
    prod    gehe zu Zustand 38 über
    exp     gehe zu Zustand 39 über
    atomic  gehe zu Zustand 40 über


Zustand 87

   41 bool3: expr EQUAL . expr

    NUMBER  schiebe und gehe zu Zustand 32 über
    FLOAT   schiebe und gehe zu Zustand 33 über
    ID      schiebe und gehe zu Zustand 34 über
    OPEN    schiebe und gehe zu Zustand 35 über
    EULER   schiebe und gehe zu Zustand 36 über

    expr    gehe zu Zustand 107 über
    prod    gehe zu Zustand 38 über
    exp     gehe zu Zustand 39 über
    atomic  gehe zu Zustand 40 über


Zustand 88

    9 decl: VAR ID ASSIGN expr SEMICOLON .

    $default  reduziere mit Regel 9 (decl)


Zustand 89

   11 decl: PROC ID $@1 OPEN CLOSE . BEG decllist stmtlist END

    BEG  schiebe und gehe zu Zustand 108 über


Zustand 90

   55 atomic: OPEN error CLOSE .

    $default  reduziere mit Regel 55 (atomic)


Zustand 91

   54 atomic: OPEN expr CLOSE .

    $default  reduziere mit Regel 54 (atomic)


Zustand 92

   46 expr: expr PLUS prod .
   49 prod: prod . TIMES exp

    TIMES  schiebe und gehe zu Zustand 70 über

    $default  reduziere mit Regel 46 (expr)


Zustand 93

   47 expr: expr MINUS prod .
   49 prod: prod . TIMES exp

    TIMES  schiebe und gehe zu Zustand 70 über

    $default  reduziere mit Regel 47 (expr)


Zustand 94

   49 prod: prod TIMES exp .

    $default  reduziere mit Regel 49 (prod)


Zustand 95

   51 exp: atomic EXP exp .

    $default  reduziere mit Regel 51 (exp)


Zustand 96

   12 stmt: ID OPEN CLOSE SEMICOLON .

    $default  reduziere mit Regel 12 (stmt)


Zustand 97

   32 stmt: ID ASSIGN expr SEMICOLON .

    $default  reduziere mit Regel 32 (stmt)


Zustand 98

   14 stmt: BEG stmtlist error END .

    $default  reduziere mit Regel 14 (stmt)


Zustand 99

    5 stmtlist: stmtlist . stmt
   19 stmt: BEG $@4 decllist stmtlist . END

    error      schiebe und gehe zu Zustand 11 über
    GO         schiebe und gehe zu Zustand 12 über
    NORTH      schiebe und gehe zu Zustand 13 über
    SOUTH      schiebe und gehe zu Zustand 14 über
    WEST       schiebe und gehe zu Zustand 15 über
    EAST       schiebe und gehe zu Zustand 16 über
    TURNLEFT   schiebe und gehe zu Zustand 17 über
    TURNRIGHT  schiebe und gehe zu Zustand 18 über
    TURN       schiebe und gehe zu Zustand 19 über
    THICKNESS  schiebe und gehe zu Zustand 20 über
    ID         schiebe und gehe zu Zustand 21 über
    BEG        schiebe und gehe zu Zustand 22 über
    END        schiebe und gehe zu Zustand 109 über
    WHILE      schiebe und gehe zu Zustand 23 über
    IF         schiebe und gehe zu Zustand 24 über

    stmt  gehe zu Zustand 26 über


Zustand 100

   17 stmt: WHILE $@2 bool $@3 . DO stmt

    DO  schiebe und gehe zu Zustand 110 über


Zustand 101

   44 bool3: OPEN bool CLOSE .

    $default  reduziere mit Regel 44 (bool3)


Zustand 102

   33 bool: bool OR bool1 .
   35 bool1: bool1 . AND bool2

    AND  schiebe und gehe zu Zustand 84 über

    $default  reduziere mit Regel 33 (bool)


Zustand 103

   21 stmt: IF bool $@5 THEN . decllist stmtlist

    $default  reduziere mit Regel 6 (decllist)

    decllist  gehe zu Zustand 111 über


Zustand 104

   35 bool1: bool1 AND bool2 .

    $default  reduziere mit Regel 35 (bool1)


Zustand 105

   39 bool3: expr LESS expr .
   46 expr: expr . PLUS prod
   47     | expr . MINUS prod

    PLUS   schiebe und gehe zu Zustand 68 über
    MINUS  schiebe und gehe zu Zustand 69 über

    $default  reduziere mit Regel 39 (bool3)


Zustand 106

   40 bool3: expr GREATER expr .
   46 expr: expr . PLUS prod
   47     | expr . MINUS prod

    PLUS   schiebe und gehe zu Zustand 68 über
    MINUS  schiebe und gehe zu Zustand 69 über

    $default  reduziere mit Regel 40 (bool3)


Zustand 107

   41 bool3: expr EQUAL expr .
   46 expr: expr . PLUS prod
   47     | expr . MINUS prod

    PLUS   schiebe und gehe zu Zustand 68 über
    MINUS  schiebe und gehe zu Zustand 69 über

    $default  reduziere mit Regel 41 (bool3)


Zustand 108

   11 decl: PROC ID $@1 OPEN CLOSE BEG . decllist stmtlist END

    $default  reduziere mit Regel 6 (decllist)

    decllist  gehe zu Zustand 112 über


Zustand 109

   19 stmt: BEG $@4 decllist stmtlist END .

    $default  reduziere mit Regel 19 (stmt)


Zustand 110

   17 stmt: WHILE $@2 bool $@3 DO . stmt

    error      schiebe und gehe zu Zustand 11 über
    GO         schiebe und gehe zu Zustand 12 über
    NORTH      schiebe und gehe zu Zustand 13 über
    SOUTH      schiebe und gehe zu Zustand 14 über
    WEST       schiebe und gehe zu Zustand 15 über
    EAST       schiebe und gehe zu Zustand 16 über
    TURNLEFT   schiebe und gehe zu Zustand 17 über
    TURNRIGHT  schiebe und gehe zu Zustand 18 über
    TURN       schiebe und gehe zu Zustand 19 über
    THICKNESS  schiebe und gehe zu Zustand 20 über
    ID         schiebe und gehe zu Zustand 21 über
    BEG        schiebe und gehe zu Zustand 22 über
    WHILE      schiebe und gehe zu Zustand 23 über
    IF         schiebe und gehe zu Zustand 24 über

    stmt  gehe zu Zustand 113 über


Zustand 111

    7 decllist: decllist . decl
   21 stmt: IF bool $@5 THEN decllist . stmtlist

    VAR   schiebe und gehe zu Zustand 5 über
    PROC  schiebe und gehe zu Zustand 6 über

    $default  reduziere mit Regel 4 (stmtlist)

    stmtlist  gehe zu Zustand 114 über
    decl      gehe zu Zustand 8 über


Zustand 112

    7 decllist: decllist . decl
   11 decl: PROC ID $@1 OPEN CLOSE BEG decllist . stmtlist END

    VAR   schiebe und gehe zu Zustand 5 über
    PROC  schiebe und gehe zu Zustand 6 über

    $default  reduziere mit Regel 4 (stmtlist)

    stmtlist  gehe zu Zustand 115 über
    decl      gehe zu Zustand 8 über


Zustand 113

   17 stmt: WHILE $@2 bool $@3 DO stmt .

    $default  reduziere mit Regel 17 (stmt)


Zustand 114

    5 stmtlist: stmtlist . stmt
   21 stmt: IF bool $@5 THEN decllist stmtlist .

    error      schiebe und gehe zu Zustand 11 über
    GO         schiebe und gehe zu Zustand 12 über
    NORTH      schiebe und gehe zu Zustand 13 über
    SOUTH      schiebe und gehe zu Zustand 14 über
    WEST       schiebe und gehe zu Zustand 15 über
    EAST       schiebe und gehe zu Zustand 16 über
    TURNLEFT   schiebe und gehe zu Zustand 17 über
    TURNRIGHT  schiebe und gehe zu Zustand 18 über
    TURN       schiebe und gehe zu Zustand 19 über
    THICKNESS  schiebe und gehe zu Zustand 20 über
    ID         schiebe und gehe zu Zustand 21 über
    BEG        schiebe und gehe zu Zustand 22 über
    WHILE      schiebe und gehe zu Zustand 23 über
    IF         schiebe und gehe zu Zustand 24 über

    $end       reduziere mit Regel 21 (stmt)
    error      [reduziere mit Regel 21 (stmt)]
    GO         [reduziere mit Regel 21 (stmt)]
    NORTH      [reduziere mit Regel 21 (stmt)]
    SOUTH      [reduziere mit Regel 21 (stmt)]
    WEST       [reduziere mit Regel 21 (stmt)]
    EAST       [reduziere mit Regel 21 (stmt)]
    TURNLEFT   [reduziere mit Regel 21 (stmt)]
    TURNRIGHT  [reduziere mit Regel 21 (stmt)]
    TURN       [reduziere mit Regel 21 (stmt)]
    THICKNESS  [reduziere mit Regel 21 (stmt)]
    ID         [reduziere mit Regel 21 (stmt)]
    BEG        [reduziere mit Regel 21 (stmt)]
    END        reduziere mit Regel 21 (stmt)
    WHILE      [reduziere mit Regel 21 (stmt)]
    IF         [reduziere mit Regel 21 (stmt)]

    stmt  gehe zu Zustand 26 über


Zustand 115

    5 stmtlist: stmtlist . stmt
   11 decl: PROC ID $@1 OPEN CLOSE BEG decllist stmtlist . END

    error      schiebe und gehe zu Zustand 11 über
    GO         schiebe und gehe zu Zustand 12 über
    NORTH      schiebe und gehe zu Zustand 13 über
    SOUTH      schiebe und gehe zu Zustand 14 über
    WEST       schiebe und gehe zu Zustand 15 über
    EAST       schiebe und gehe zu Zustand 16 über
    TURNLEFT   schiebe und gehe zu Zustand 17 über
    TURNRIGHT  schiebe und gehe zu Zustand 18 über
    TURN       schiebe und gehe zu Zustand 19 über
    THICKNESS  schiebe und gehe zu Zustand 20 über
    ID         schiebe und gehe zu Zustand 21 über
    BEG        schiebe und gehe zu Zustand 22 über
    END        schiebe und gehe zu Zustand 116 über
    WHILE      schiebe und gehe zu Zustand 23 über
    IF         schiebe und gehe zu Zustand 24 über

    stmt  gehe zu Zustand 26 über


Zustand 116

   11 decl: PROC ID $@1 OPEN CLOSE BEG decllist stmtlist END .

    $default  reduziere mit Regel 11 (decl)
